<?xml version="1.0" encoding="UTF-8"?>
<!-- Generated by org.testng.reporters.JUnitXMLReporter -->
<testsuite ignored="0" hostname="MY-LAPTOP" failures="0" tests="6" name="Surefire test" time="78.491" errors="0" timestamp="2022-09-20T16:38:01 IST">
  <testcase classname="AtechCompany.tests.ErrorValidationsTest" name="LoginErrorValidation" time="0.526"/>
  <testcase classname="AtechCompany.tests.ErrorValidationsTest" name="ProductErrorValidation" time="5.707"/>
  <testcase classname="AtechCompany.tests.SubmitOrderTest" name="submitOrder" time="3.911"/>
  <testcase classname="AtechCompany.tests.SubmitOrderTest" name="submitOrder" time="3.755"/>
  <testcase classname="AtechCompany.tests.SubmitOrderTest" name="OrderHistoryTest" time="0.891"/>
  <testcase classname="io.cucumber.testng.AbstractTestNGCucumberTests" name="runScenario" time="10.896"/>
</testsuite> <!-- Surefire test -->
