<?xml version="1.0" encoding="UTF-8"?>
<!-- Generated by org.testng.reporters.JUnitXMLReporter -->
<testsuite ignored="0" hostname="MY-LAPTOP" failures="0" tests="3" name="Submit Order Test" time="89.316" errors="0" timestamp="2022-09-03T21:31:49 IST">
  <testcase classname="AtechCompany.tests.SubmitOrderTest" name="submitOrder" time="11.129"/>
  <testcase classname="AtechCompany.tests.SubmitOrderTest" name="submitOrder" time="5.029"/>
  <testcase classname="AtechCompany.tests.SubmitOrderTest" name="OrderHistoryTest" time="1.37"/>
</testsuite> <!-- Submit Order Test -->
