<?xml version="1.0" encoding="UTF-8"?>
<!-- Generated by org.testng.reporters.JUnitXMLReporter -->
<testsuite ignored="0" hostname="MY-LAPTOP" failures="0" tests="2" name="Error Validation Test" time="68.95" errors="0" timestamp="2022-09-21T13:00:26 IST">
  <testcase classname="AtechCompany.tests.ErrorValidationsTest" name="LoginErrorValidation" time="2.019"/>
  <testcase classname="AtechCompany.tests.ErrorValidationsTest" name="ProductErrorValidation" time="3.174"/>
</testsuite> <!-- Error Validation Test -->
