<?xml version="1.0" encoding="UTF-8"?>
<!-- Generated by org.testng.reporters.JUnitXMLReporter -->
<testsuite ignored="1" hostname="MY-LAPTOP" failures="0" tests="2" name="Submit Order Test" time="28.431" errors="0" timestamp="2022-09-04T14:51:52 IST">
  <testcase classname="AtechCompany.tests.SubmitOrderTest" name="submitOrder" time="3.479"/>
  <testcase classname="AtechCompany.tests.SubmitOrderTest" name="submitOrder" time="3.412"/>
  <testcase classname="AtechCompany.tests.SubmitOrderTest" name="OrderHistoryTest" time="0.0">
    <ignored/>
  </testcase> <!-- OrderHistoryTest -->
</testsuite> <!-- Submit Order Test -->
