<?xml version="1.0" encoding="UTF-8"?>
<testng-results ignored="3" total="5" passed="2" failed="0" skipped="0">
  <reporter-output>
  </reporter-output>
  <suite started-at="2022-09-04T14:51:24 IST" name="Suite" finished-at="2022-09-04T14:51:52 IST" duration-ms="28431">
    <groups>
      <group name="Purchase">
        <method signature="SubmitOrderTest.submitOrder(java.util.HashMap)[pri:0, instance:AtechCompany.tests.SubmitOrderTest@158da8e]" name="submitOrder" class="AtechCompany.tests.SubmitOrderTest"/>
      </group> <!-- Purchase -->
    </groups>
    <test started-at="2022-09-04T14:51:24 IST" name="Error Validation Test" finished-at="2022-09-04T14:51:24 IST" duration-ms="18">
    </test> <!-- Error Validation Test -->
    <test started-at="2022-09-04T14:51:24 IST" name="Submit Order Test" finished-at="2022-09-04T14:51:52 IST" duration-ms="28431">
      <class name="AtechCompany.tests.SubmitOrderTest">
        <test-method is-config="true" signature="launchApplication()[pri:0, instance:AtechCompany.tests.SubmitOrderTest@158da8e]" started-at="2022-09-04T14:51:24 IST" name="launchApplication" finished-at="2022-09-04T14:51:39 IST" duration-ms="14488" status="PASS">
          <reporter-output>
          </reporter-output>
        </test-method> <!-- launchApplication -->
        <test-method signature="submitOrder(java.util.HashMap)[pri:0, instance:AtechCompany.tests.SubmitOrderTest@158da8e]" started-at="2022-09-04T14:51:39 IST" name="submitOrder" data-provider="getData" finished-at="2022-09-04T14:51:42 IST" duration-ms="3479" status="PASS">
          <params>
            <param index="0">
              <value>
                <![CDATA[{password=RAM@k123, product=ZARA COAT 3, email=ram.kumar@gmail.com}]]>
              </value>
            </param>
          </params>
          <reporter-output>
          </reporter-output>
        </test-method> <!-- submitOrder -->
        <test-method is-config="true" signature="tearDown()[pri:0, instance:AtechCompany.tests.SubmitOrderTest@158da8e]" started-at="2022-09-04T14:51:42 IST" name="tearDown" finished-at="2022-09-04T14:51:42 IST" duration-ms="68" status="PASS">
          <reporter-output>
          </reporter-output>
        </test-method> <!-- tearDown -->
        <test-method is-config="true" signature="launchApplication()[pri:0, instance:AtechCompany.tests.SubmitOrderTest@158da8e]" started-at="2022-09-04T14:51:42 IST" name="launchApplication" finished-at="2022-09-04T14:51:49 IST" duration-ms="6504" status="PASS">
          <reporter-output>
          </reporter-output>
        </test-method> <!-- launchApplication -->
        <test-method signature="submitOrder(java.util.HashMap)[pri:0, instance:AtechCompany.tests.SubmitOrderTest@158da8e]" started-at="2022-09-04T14:51:49 IST" name="submitOrder" data-provider="getData" finished-at="2022-09-04T14:51:52 IST" duration-ms="3412" status="PASS">
          <params>
            <param index="0">
              <value>
                <![CDATA[{password=PANKAJ@k123, product=ADIDAS ORIGINAL, email=pankaj.kumar@gmail.com}]]>
              </value>
            </param>
          </params>
          <reporter-output>
          </reporter-output>
        </test-method> <!-- submitOrder -->
        <test-method is-config="true" signature="tearDown()[pri:0, instance:AtechCompany.tests.SubmitOrderTest@158da8e]" started-at="2022-09-04T14:51:52 IST" name="tearDown" finished-at="2022-09-04T14:51:52 IST" duration-ms="35" status="PASS">
          <reporter-output>
          </reporter-output>
        </test-method> <!-- tearDown -->
      </class> <!-- AtechCompany.tests.SubmitOrderTest -->
    </test> <!-- Submit Order Test -->
  </suite> <!-- Suite -->
</testng-results>
